Arguments: 
  /Users/localadmin/.nvm/versions/node/v12.18.0/bin/node /usr/local/Cellar/yarn/1.22.5/libexec/bin/yarn.js add -W -D @babel/core @babel/preset-env @babel/preset-react @babel/preset-typescript @next/bundle-analyzer @storybook/addon- actions @storybook/addon-docs @storybook/addon-essentials @storybook/addon-links @storybook/addon-storyshots @storybook/react @testing-library/jest-dom @testing-library/react @types/jest @types/node @types/react @typescript-eslint/eslint-plugin @typescript-eslint/parser arg babel-jest babel-loader babel-plugin- module-resolver dev-kong eslint eslint-config-standard-with- typescript eslint-plugin-import eslint-plugin-jest eslint-plugin- jest-dom eslint-plugin-node eslint-plugin-prettier eslint-plugin- promise eslint-plugin-react eslint-plugin-react-hooks eslint-plugin- standard fs-extra globby identity-obj-proxy internal-ip jest jest- runtime next-transpile-modules plop pm2 prettier react-is

PATH: 
  /Users/localadmin/.nvm/versions/node/v12.18.0/bin:/usr/local/bin:/usr/bin:/bin:/usr/sbin:/sbin:/Library/Apple/usr/bin:/Users/localadmin/.nvm/versions/node/v12.18.0/bin:/Users/localadmin/.zinit/polaris/sbin:/Users/localadmin/.zinit/polaris/bin:/Users/localadmin/.zinit/polaris/usr/sbin:/Users/localadmin/.zinit/polaris/usr/bin

Yarn version: 
  1.22.5

Node version: 
  12.18.0

Platform: 
  darwin x64

Trace: 
  Error: https://registry.yarnpkg.com/@storybook%2faddon-: Not found
      at Request.params.callback [as _callback] (/usr/local/Cellar/yarn/1.22.5/libexec/lib/cli.js:66988:18)
      at Request.self.callback (/usr/local/Cellar/yarn/1.22.5/libexec/lib/cli.js:140749:22)
      at Request.emit (events.js:315:20)
      at Request.<anonymous> (/usr/local/Cellar/yarn/1.22.5/libexec/lib/cli.js:141721:10)
      at Request.emit (events.js:315:20)
      at IncomingMessage.<anonymous> (/usr/local/Cellar/yarn/1.22.5/libexec/lib/cli.js:141643:12)
      at Object.onceWrapper (events.js:421:28)
      at IncomingMessage.emit (events.js:327:22)
      at endReadableNT (_stream_readable.js:1221:12)
      at processTicksAndRejections (internal/process/task_queues.js:84:21)

npm manifest: 
  {
    "name": "monorepo",
    "private": true,
    "version": "1.0.0",
    "description": "",
    "main": "index.js",
    "workspaces": [
      "packages/app/*",
      "packages/shared/*"
    ],
    "scripts": {
      "test": "echo \"Error: no test specified\" && exit 1"
    },
    "keywords": [],
    "author": "",
    "license": "ISC"
  }

yarn manifest: 
  No manifest

Lockfile: 
  No lockfile
